<?xml version="1.0" encoding="UTF-8"?>
<!-- Generated by org.testng.reporters.JUnitReportReporter -->
<testsuite hostname="LTAU002202" failures="0" tests="3" name="files.DynamicJson" time="4.450" errors="0" timestamp="2024-05-02T14:48:02 AEST" skipped="0">
  <testcase classname="files.DynamicJson" name="addBook" time="2.960"/>
  <testcase classname="files.DynamicJson" name="addBook" time="0.756"/>
  <testcase classname="files.DynamicJson" name="addBook" time="0.734"/>
</testsuite> <!-- files.DynamicJson -->
