<?xml version="1.0" encoding="UTF-8"?>
<!-- Generated by org.testng.reporters.JUnitReportReporter -->
<testsuite hostname="LTAU002202" failures="0" tests="1" name="SumValidation" time="1.512" errors="0" timestamp="2024-05-02T13:54:24 AEST" skipped="0">
  <testcase classname="SumValidation" name="sumOfCourses" time="1.512"/>
</testsuite> <!-- SumValidation -->
